[2018-10-31 08:02:06.651] [renderer1] [info] no standard startup: not the explorer viewlet
[2018-10-31 08:02:14.683] [renderer1] [info] no standard startup: not just one text editor
[2018-10-31 09:29:22.564] [renderer1] [error] Failed to watch /home/fylegroupdev/Documents/SAINT JEAN EUDES/Saint-Jean-Eudes-App (2)/package.json for changes (Error: watch /home/fylegroupdev/Documents/SAINT JEAN EUDES/Saint-Jean-Eudes-App (2)/package.json ENOSPC)
[2018-10-31 09:32:02.654] [renderer1] [error] Inotify limit reached (ENOSPC)
[2018-10-31 09:39:34.886] [renderer1] [error] cannot open file:///home/fylegroupdev/Documents/SAINT%20JEAN%20EUDES/Saint-Jean-Eudes-App/src/views/Retraitants. Detail: File is directory: Error: cannot open file:///home/fylegroupdev/Documents/SAINT%20JEAN%20EUDES/Saint-Jean-Eudes-App/src/views/Retraitants. Detail: File is directory
    at file:///usr/share/code/resources/app/out/vs/workbench/workbench.main.js:4319:753
    at Object.m [as _notify] (file:///usr/share/code/resources/app/out/vs/workbench/workbench.main.js:161:302)
    at Object.enter (file:///usr/share/code/resources/app/out/vs/workbench/workbench.main.js:164:568)
    at n.Class.derive._creator._run (file:///usr/share/code/resources/app/out/vs/workbench/workbench.main.js:165:902)
    at n.Class.derive._creator._chainedError (file:///usr/share/code/resources/app/out/vs/workbench/workbench.main.js:165:261)
    at n (file:///usr/share/code/resources/app/out/vs/workbench/workbench.main.js:163:40)
    at n.Class.define.cancel.then (file:///usr/share/code/resources/app/out/vs/workbench/workbench.main.js:166:736)
    at Object.enter (file:///usr/share/code/resources/app/out/vs/workbench/workbench.main.js:163:109)
    at n.Class.derive._creator._run (file:///usr/share/code/resources/app/out/vs/workbench/workbench.main.js:165:902)
    at n.Class.derive._creator._setCompleteValue (file:///usr/share/code/resources/app/out/vs/workbench/workbench.main.js:165:596)
    at Object.m [as _notify] (file:///usr/share/code/resources/app/out/vs/workbench/workbench.main.js:161:284)
    at Object.enter (file:///usr/share/code/resources/app/out/vs/workbench/workbench.main.js:164:568)
    at n.Class.derive._creator._run (file:///usr/share/code/resources/app/out/vs/workbench/workbench.main.js:165:902)
    at n.Class.derive._creator._chainedError (file:///usr/share/code/resources/app/out/vs/workbench/workbench.main.js:165:261)
    at n (file:///usr/share/code/resources/app/out/vs/workbench/workbench.main.js:163:40)
    at n.Class.define.cancel.then (file:///usr/share/code/resources/app/out/vs/workbench/workbench.main.js:166:736)
    at Object.enter (file:///usr/share/code/resources/app/out/vs/workbench/workbench.main.js:163:109)
    at n.Class.derive._creator._run (file:///usr/share/code/resources/app/out/vs/workbench/workbench.main.js:165:902)
    at n.Class.derive._creator._setCompleteValue (file:///usr/share/code/resources/app/out/vs/workbench/workbench.main.js:165:596)
    at Object.m [as _notify] (file:///usr/share/code/resources/app/out/vs/workbench/workbench.main.js:161:284)
    at Object.enter (file:///usr/share/code/resources/app/out/vs/workbench/workbench.main.js:164:568)
    at n.Class.derive._creator._run (file:///usr/share/code/resources/app/out/vs/workbench/workbench.main.js:165:902)
    at n.Class.derive._creator._chainedError (file:///usr/share/code/resources/app/out/vs/workbench/workbench.main.js:165:261)
    at n (file:///usr/share/code/resources/app/out/vs/workbench/workbench.main.js:163:40)
    at n.Class.define.cancel.then (file:///usr/share/code/resources/app/out/vs/workbench/workbench.main.js:166:736)
    at Object.enter (file:///usr/share/code/resources/app/out/vs/workbench/workbench.main.js:163:109)
    at n.Class.derive._creator._run (file:///usr/share/code/resources/app/out/vs/workbench/workbench.main.js:165:902)
    at n.Class.derive._creator._setCompleteValue (file:///usr/share/code/resources/app/out/vs/workbench/workbench.main.js:165:596)
    at Object.m [as _notify] (file:///usr/share/code/resources/app/out/vs/workbench/workbench.main.js:161:284)
    at Object.enter (file:///usr/share/code/resources/app/out/vs/workbench/workbench.main.js:164:568)
    at n.Class.derive._creator._run (file:///usr/share/code/resources/app/out/vs/workbench/workbench.main.js:165:902)
    at n.Class.derive._creator._chainedError (file:///usr/share/code/resources/app/out/vs/workbench/workbench.main.js:165:261)
    at n (file:///usr/share/code/resources/app/out/vs/workbench/workbench.main.js:163:40)
    at n.Class.define.cancel.then (file:///usr/share/code/resources/app/out/vs/workbench/workbench.main.js:166:736)
    at Object.enter (file:///usr/share/code/resources/app/out/vs/workbench/workbench.main.js:163:109)
    at n.Class.derive._creator._run (file:///usr/share/code/resources/app/out/vs/workbench/workbench.main.js:165:902)
    at n.Class.derive._creator._setCompleteValue (file:///usr/share/code/resources/app/out/vs/workbench/workbench.main.js:165:596)
    at Object.m [as _notify] (file:///usr/share/code/resources/app/out/vs/workbench/workbench.main.js:161:284)
    at Object.enter (file:///usr/share/code/resources/app/out/vs/workbench/workbench.main.js:164:568)
    at n.Class.derive._creator._run (file:///usr/share/code/resources/app/out/vs/workbench/workbench.main.js:165:902)
    at n.Class.derive._creator._chainedError (file:///usr/share/code/resources/app/out/vs/workbench/workbench.main.js:165:261)
    at n (file:///usr/share/code/resources/app/out/vs/workbench/workbench.main.js:163:40)
    at n.Class.define.cancel.then (file:///usr/share/code/resources/app/out/vs/workbench/workbench.main.js:166:736)
    at Object.enter (file:///usr/share/code/resources/app/out/vs/workbench/workbench.main.js:163:109)
    at n.Class.derive._creator._run (file:///usr/share/code/resources/app/out/vs/workbench/workbench.main.js:165:902)
    at n.Class.derive._creator._setCompleteValue (file:///usr/share/code/resources/app/out/vs/workbench/workbench.main.js:165:596)
    at Object.m [as _notify] (file:///usr/share/code/resources/app/out/vs/workbench/workbench.main.js:161:284)
    at Object.enter (file:///usr/share/code/resources/app/out/vs/workbench/workbench.main.js:164:568)
    at n.Class.derive._oncancel._run (file:///usr/share/code/resources/app/out/vs/workbench/workbench.main.js:165:902)
    at n.Class.derive._oncancel._error (file:///usr/share/code/resources/app/out/vs/workbench/workbench.main.js:165:419)
    at l (file:///usr/share/code/resources/app/out/vs/workbench/workbench.main.js:168:962)
    at file:///usr/share/code/resources/app/out/vs/workbench/workbench.main.js:169:70
    at Object.m [as _notify] (file:///usr/share/code/resources/app/out/vs/workbench/workbench.main.js:161:302)
    at Object.enter (file:///usr/share/code/resources/app/out/vs/workbench/workbench.main.js:164:568)
    at n.Class.derive._creator._run (file:///usr/share/code/resources/app/out/vs/workbench/workbench.main.js:165:902)
    at n.Class.derive._creator._chainedError (file:///usr/share/code/resources/app/out/vs/workbench/workbench.main.js:165:261)
    at n (file:///usr/share/code/resources/app/out/vs/workbench/workbench.main.js:163:40)
    at n.Class.define.cancel.then (file:///usr/share/code/resources/app/out/vs/workbench/workbench.main.js:166:736)
    at Object.enter (file:///usr/share/code/resources/app/out/vs/workbench/workbench.main.js:163:109)
    at n.Class.derive._creator._run (file:///usr/share/code/resources/app/out/vs/workbench/workbench.main.js:165:902)
    at n.Class.derive._creator._setCompleteValue (file:///usr/share/code/resources/app/out/vs/workbench/workbench.main.js:165:596)
    at Object.g [as _notify] (file:///usr/share/code/resources/app/out/vs/workbench/workbench.main.js:160:709)
    at Object.enter (file:///usr/share/code/resources/app/out/vs/workbench/workbench.main.js:164:61)
    at n.Class.derive._creator._run (file:///usr/share/code/resources/app/out/vs/workbench/workbench.main.js:165:902)
    at n.Class.derive._creator._completed (file:///usr/share/code/resources/app/out/vs/workbench/workbench.main.js:165:343)
    at Object.g [as _notify] (file:///usr/share/code/resources/app/out/vs/workbench/workbench.main.js:160:729)
    at Object.enter (file:///usr/share/code/resources/app/out/vs/workbench/workbench.main.js:164:61)
    at n.Class.derive._oncancel._run (file:///usr/share/code/resources/app/out/vs/workbench/workbench.main.js:165:902)
    at n.Class.derive._oncancel._completed (file:///usr/share/code/resources/app/out/vs/workbench/workbench.main.js:165:343)
    at file:///usr/share/code/resources/app/out/vs/workbench/workbench.main.js:3331:230
    at file:///usr/share/code/resources/app/out/vs/workbench/workbench.main.js:3332:118
    at file:///usr/share/code/resources/app/out/vs/workbench/workbench.main.js:284:813
    at Function.<anonymous> (file:///usr/share/code/resources/app/out/vs/workbench/workbench.main.js:3331:884)
    at file:///usr/share/code/resources/app/out/vs/workbench/workbench.main.js:284:420
    at s (file:///usr/share/code/resources/app/out/vs/workbench/workbench.main.js:283:969)
    at file:///usr/share/code/resources/app/out/vs/workbench/workbench.main.js:284:55
    at _combinedTickCallback (internal/process/next_tick.js:131:7)
    at process._tickCallback (internal/process/next_tick.js:180:9)
[2018-10-31 11:12:44.873] [renderer1] [error] cannot open file:///home/fylegroupdev/Documents/SAINT%20JEAN%20EUDES/Saint-Jean-Eudes-App/src/views/Reservations. Detail: File is directory: Error: cannot open file:///home/fylegroupdev/Documents/SAINT%20JEAN%20EUDES/Saint-Jean-Eudes-App/src/views/Reservations. Detail: File is directory
    at file:///usr/share/code/resources/app/out/vs/workbench/workbench.main.js:4319:753
    at Object.m [as _notify] (file:///usr/share/code/resources/app/out/vs/workbench/workbench.main.js:161:302)
    at Object.enter (file:///usr/share/code/resources/app/out/vs/workbench/workbench.main.js:164:568)
    at n.Class.derive._creator._run (file:///usr/share/code/resources/app/out/vs/workbench/workbench.main.js:165:902)
    at n.Class.derive._creator._chainedError (file:///usr/share/code/resources/app/out/vs/workbench/workbench.main.js:165:261)
    at n (file:///usr/share/code/resources/app/out/vs/workbench/workbench.main.js:163:40)
    at n.Class.define.cancel.then (file:///usr/share/code/resources/app/out/vs/workbench/workbench.main.js:166:736)
    at Object.enter (file:///usr/share/code/resources/app/out/vs/workbench/workbench.main.js:163:109)
    at n.Class.derive._creator._run (file:///usr/share/code/resources/app/out/vs/workbench/workbench.main.js:165:902)
    at n.Class.derive._creator._setCompleteValue (file:///usr/share/code/resources/app/out/vs/workbench/workbench.main.js:165:596)
    at Object.m [as _notify] (file:///usr/share/code/resources/app/out/vs/workbench/workbench.main.js:161:284)
    at Object.enter (file:///usr/share/code/resources/app/out/vs/workbench/workbench.main.js:164:568)
    at n.Class.derive._creator._run (file:///usr/share/code/resources/app/out/vs/workbench/workbench.main.js:165:902)
    at n.Class.derive._creator._chainedError (file:///usr/share/code/resources/app/out/vs/workbench/workbench.main.js:165:261)
    at n (file:///usr/share/code/resources/app/out/vs/workbench/workbench.main.js:163:40)
    at n.Class.define.cancel.then (file:///usr/share/code/resources/app/out/vs/workbench/workbench.main.js:166:736)
    at Object.enter (file:///usr/share/code/resources/app/out/vs/workbench/workbench.main.js:163:109)
    at n.Class.derive._creator._run (file:///usr/share/code/resources/app/out/vs/workbench/workbench.main.js:165:902)
    at n.Class.derive._creator._setCompleteValue (file:///usr/share/code/resources/app/out/vs/workbench/workbench.main.js:165:596)
    at Object.m [as _notify] (file:///usr/share/code/resources/app/out/vs/workbench/workbench.main.js:161:284)
    at Object.enter (file:///usr/share/code/resources/app/out/vs/workbench/workbench.main.js:164:568)
    at n.Class.derive._creator._run (file:///usr/share/code/resources/app/out/vs/workbench/workbench.main.js:165:902)
    at n.Class.derive._creator._chainedError (file:///usr/share/code/resources/app/out/vs/workbench/workbench.main.js:165:261)
    at n (file:///usr/share/code/resources/app/out/vs/workbench/workbench.main.js:163:40)
    at n.Class.define.cancel.then (file:///usr/share/code/resources/app/out/vs/workbench/workbench.main.js:166:736)
    at Object.enter (file:///usr/share/code/resources/app/out/vs/workbench/workbench.main.js:163:109)
    at n.Class.derive._creator._run (file:///usr/share/code/resources/app/out/vs/workbench/workbench.main.js:165:902)
    at n.Class.derive._creator._setCompleteValue (file:///usr/share/code/resources/app/out/vs/workbench/workbench.main.js:165:596)
    at Object.m [as _notify] (file:///usr/share/code/resources/app/out/vs/workbench/workbench.main.js:161:284)
    at Object.enter (file:///usr/share/code/resources/app/out/vs/workbench/workbench.main.js:164:568)
    at n.Class.derive._creator._run (file:///usr/share/code/resources/app/out/vs/workbench/workbench.main.js:165:902)
    at n.Class.derive._creator._chainedError (file:///usr/share/code/resources/app/out/vs/workbench/workbench.main.js:165:261)
    at n (file:///usr/share/code/resources/app/out/vs/workbench/workbench.main.js:163:40)
    at n.Class.define.cancel.then (file:///usr/share/code/resources/app/out/vs/workbench/workbench.main.js:166:736)
    at Object.enter (file:///usr/share/code/resources/app/out/vs/workbench/workbench.main.js:163:109)
    at n.Class.derive._creator._run (file:///usr/share/code/resources/app/out/vs/workbench/workbench.main.js:165:902)
    at n.Class.derive._creator._setCompleteValue (file:///usr/share/code/resources/app/out/vs/workbench/workbench.main.js:165:596)
    at Object.m [as _notify] (file:///usr/share/code/resources/app/out/vs/workbench/workbench.main.js:161:284)
    at Object.enter (file:///usr/share/code/resources/app/out/vs/workbench/workbench.main.js:164:568)
    at n.Class.derive._creator._run (file:///usr/share/code/resources/app/out/vs/workbench/workbench.main.js:165:902)
    at n.Class.derive._creator._chainedError (file:///usr/share/code/resources/app/out/vs/workbench/workbench.main.js:165:261)
    at n (file:///usr/share/code/resources/app/out/vs/workbench/workbench.main.js:163:40)
    at n.Class.define.cancel.then (file:///usr/share/code/resources/app/out/vs/workbench/workbench.main.js:166:736)
    at Object.enter (file:///usr/share/code/resources/app/out/vs/workbench/workbench.main.js:163:109)
    at n.Class.derive._creator._run (file:///usr/share/code/resources/app/out/vs/workbench/workbench.main.js:165:902)
    at n.Class.derive._creator._setCompleteValue (file:///usr/share/code/resources/app/out/vs/workbench/workbench.main.js:165:596)
    at Object.m [as _notify] (file:///usr/share/code/resources/app/out/vs/workbench/workbench.main.js:161:284)
    at Object.enter (file:///usr/share/code/resources/app/out/vs/workbench/workbench.main.js:164:568)
    at n.Class.derive._oncancel._run (file:///usr/share/code/resources/app/out/vs/workbench/workbench.main.js:165:902)
    at n.Class.derive._oncancel._error (file:///usr/share/code/resources/app/out/vs/workbench/workbench.main.js:165:419)
    at l (file:///usr/share/code/resources/app/out/vs/workbench/workbench.main.js:168:962)
    at file:///usr/share/code/resources/app/out/vs/workbench/workbench.main.js:169:70
    at Object.m [as _notify] (file:///usr/share/code/resources/app/out/vs/workbench/workbench.main.js:161:302)
    at Object.enter (file:///usr/share/code/resources/app/out/vs/workbench/workbench.main.js:164:568)
    at n.Class.derive._creator._run (file:///usr/share/code/resources/app/out/vs/workbench/workbench.main.js:165:902)
    at n.Class.derive._creator._chainedError (file:///usr/share/code/resources/app/out/vs/workbench/workbench.main.js:165:261)
    at n (file:///usr/share/code/resources/app/out/vs/workbench/workbench.main.js:163:40)
    at n.Class.define.cancel.then (file:///usr/share/code/resources/app/out/vs/workbench/workbench.main.js:166:736)
    at Object.enter (file:///usr/share/code/resources/app/out/vs/workbench/workbench.main.js:163:109)
    at n.Class.derive._creator._run (file:///usr/share/code/resources/app/out/vs/workbench/workbench.main.js:165:902)
    at n.Class.derive._creator._setCompleteValue (file:///usr/share/code/resources/app/out/vs/workbench/workbench.main.js:165:596)
    at Object.g [as _notify] (file:///usr/share/code/resources/app/out/vs/workbench/workbench.main.js:160:709)
    at Object.enter (file:///usr/share/code/resources/app/out/vs/workbench/workbench.main.js:164:61)
    at n.Class.derive._creator._run (file:///usr/share/code/resources/app/out/vs/workbench/workbench.main.js:165:902)
    at n.Class.derive._creator._completed (file:///usr/share/code/resources/app/out/vs/workbench/workbench.main.js:165:343)
    at Object.g [as _notify] (file:///usr/share/code/resources/app/out/vs/workbench/workbench.main.js:160:729)
    at Object.enter (file:///usr/share/code/resources/app/out/vs/workbench/workbench.main.js:164:61)
    at n.Class.derive._oncancel._run (file:///usr/share/code/resources/app/out/vs/workbench/workbench.main.js:165:902)
    at n.Class.derive._oncancel._completed (file:///usr/share/code/resources/app/out/vs/workbench/workbench.main.js:165:343)
    at file:///usr/share/code/resources/app/out/vs/workbench/workbench.main.js:3331:230
    at file:///usr/share/code/resources/app/out/vs/workbench/workbench.main.js:3332:118
    at file:///usr/share/code/resources/app/out/vs/workbench/workbench.main.js:284:813
    at Function.<anonymous> (file:///usr/share/code/resources/app/out/vs/workbench/workbench.main.js:3331:884)
    at file:///usr/share/code/resources/app/out/vs/workbench/workbench.main.js:284:420
    at s (file:///usr/share/code/resources/app/out/vs/workbench/workbench.main.js:283:969)
    at file:///usr/share/code/resources/app/out/vs/workbench/workbench.main.js:284:55
    at _combinedTickCallback (internal/process/next_tick.js:131:7)
    at process._tickCallback (internal/process/next_tick.js:180:9)
[2018-10-31 11:13:46.068] [renderer1] [error] cannot open file:///home/fylegroupdev/Documents/SAINT%20JEAN%20EUDES/Saint-Jean-Eudes-App/src/views/Reglements. Detail: File is directory: Error: cannot open file:///home/fylegroupdev/Documents/SAINT%20JEAN%20EUDES/Saint-Jean-Eudes-App/src/views/Reglements. Detail: File is directory
    at file:///usr/share/code/resources/app/out/vs/workbench/workbench.main.js:4319:753
    at Object.m [as _notify] (file:///usr/share/code/resources/app/out/vs/workbench/workbench.main.js:161:302)
    at Object.enter (file:///usr/share/code/resources/app/out/vs/workbench/workbench.main.js:164:568)
    at n.Class.derive._creator._run (file:///usr/share/code/resources/app/out/vs/workbench/workbench.main.js:165:902)
    at n.Class.derive._creator._chainedError (file:///usr/share/code/resources/app/out/vs/workbench/workbench.main.js:165:261)
    at n (file:///usr/share/code/resources/app/out/vs/workbench/workbench.main.js:163:40)
    at n.Class.define.cancel.then (file:///usr/share/code/resources/app/out/vs/workbench/workbench.main.js:166:736)
    at Object.enter (file:///usr/share/code/resources/app/out/vs/workbench/workbench.main.js:163:109)
    at n.Class.derive._creator._run (file:///usr/share/code/resources/app/out/vs/workbench/workbench.main.js:165:902)
    at n.Class.derive._creator._setCompleteValue (file:///usr/share/code/resources/app/out/vs/workbench/workbench.main.js:165:596)
    at Object.m [as _notify] (file:///usr/share/code/resources/app/out/vs/workbench/workbench.main.js:161:284)
    at Object.enter (file:///usr/share/code/resources/app/out/vs/workbench/workbench.main.js:164:568)
    at n.Class.derive._creator._run (file:///usr/share/code/resources/app/out/vs/workbench/workbench.main.js:165:902)
    at n.Class.derive._creator._chainedError (file:///usr/share/code/resources/app/out/vs/workbench/workbench.main.js:165:261)
    at n (file:///usr/share/code/resources/app/out/vs/workbench/workbench.main.js:163:40)
    at n.Class.define.cancel.then (file:///usr/share/code/resources/app/out/vs/workbench/workbench.main.js:166:736)
    at Object.enter (file:///usr/share/code/resources/app/out/vs/workbench/workbench.main.js:163:109)
    at n.Class.derive._creator._run (file:///usr/share/code/resources/app/out/vs/workbench/workbench.main.js:165:902)
    at n.Class.derive._creator._setCompleteValue (file:///usr/share/code/resources/app/out/vs/workbench/workbench.main.js:165:596)
    at Object.m [as _notify] (file:///usr/share/code/resources/app/out/vs/workbench/workbench.main.js:161:284)
    at Object.enter (file:///usr/share/code/resources/app/out/vs/workbench/workbench.main.js:164:568)
    at n.Class.derive._creator._run (file:///usr/share/code/resources/app/out/vs/workbench/workbench.main.js:165:902)
    at n.Class.derive._creator._chainedError (file:///usr/share/code/resources/app/out/vs/workbench/workbench.main.js:165:261)
    at n (file:///usr/share/code/resources/app/out/vs/workbench/workbench.main.js:163:40)
    at n.Class.define.cancel.then (file:///usr/share/code/resources/app/out/vs/workbench/workbench.main.js:166:736)
    at Object.enter (file:///usr/share/code/resources/app/out/vs/workbench/workbench.main.js:163:109)
    at n.Class.derive._creator._run (file:///usr/share/code/resources/app/out/vs/workbench/workbench.main.js:165:902)
    at n.Class.derive._creator._setCompleteValue (file:///usr/share/code/resources/app/out/vs/workbench/workbench.main.js:165:596)
    at Object.m [as _notify] (file:///usr/share/code/resources/app/out/vs/workbench/workbench.main.js:161:284)
    at Object.enter (file:///usr/share/code/resources/app/out/vs/workbench/workbench.main.js:164:568)
    at n.Class.derive._creator._run (file:///usr/share/code/resources/app/out/vs/workbench/workbench.main.js:165:902)
    at n.Class.derive._creator._chainedError (file:///usr/share/code/resources/app/out/vs/workbench/workbench.main.js:165:261)
    at n (file:///usr/share/code/resources/app/out/vs/workbench/workbench.main.js:163:40)
    at n.Class.define.cancel.then (file:///usr/share/code/resources/app/out/vs/workbench/workbench.main.js:166:736)
    at Object.enter (file:///usr/share/code/resources/app/out/vs/workbench/workbench.main.js:163:109)
    at n.Class.derive._creator._run (file:///usr/share/code/resources/app/out/vs/workbench/workbench.main.js:165:902)
    at n.Class.derive._creator._setCompleteValue (file:///usr/share/code/resources/app/out/vs/workbench/workbench.main.js:165:596)
    at Object.m [as _notify] (file:///usr/share/code/resources/app/out/vs/workbench/workbench.main.js:161:284)
    at Object.enter (file:///usr/share/code/resources/app/out/vs/workbench/workbench.main.js:164:568)
    at n.Class.derive._creator._run (file:///usr/share/code/resources/app/out/vs/workbench/workbench.main.js:165:902)
    at n.Class.derive._creator._chainedError (file:///usr/share/code/resources/app/out/vs/workbench/workbench.main.js:165:261)
    at n (file:///usr/share/code/resources/app/out/vs/workbench/workbench.main.js:163:40)
    at n.Class.define.cancel.then (file:///usr/share/code/resources/app/out/vs/workbench/workbench.main.js:166:736)
    at Object.enter (file:///usr/share/code/resources/app/out/vs/workbench/workbench.main.js:163:109)
    at n.Class.derive._creator._run (file:///usr/share/code/resources/app/out/vs/workbench/workbench.main.js:165:902)
    at n.Class.derive._creator._setCompleteValue (file:///usr/share/code/resources/app/out/vs/workbench/workbench.main.js:165:596)
    at Object.m [as _notify] (file:///usr/share/code/resources/app/out/vs/workbench/workbench.main.js:161:284)
    at Object.enter (file:///usr/share/code/resources/app/out/vs/workbench/workbench.main.js:164:568)
    at n.Class.derive._oncancel._run (file:///usr/share/code/resources/app/out/vs/workbench/workbench.main.js:165:902)
    at n.Class.derive._oncancel._error (file:///usr/share/code/resources/app/out/vs/workbench/workbench.main.js:165:419)
    at l (file:///usr/share/code/resources/app/out/vs/workbench/workbench.main.js:168:962)
    at file:///usr/share/code/resources/app/out/vs/workbench/workbench.main.js:169:70
    at Object.m [as _notify] (file:///usr/share/code/resources/app/out/vs/workbench/workbench.main.js:161:302)
    at Object.enter (file:///usr/share/code/resources/app/out/vs/workbench/workbench.main.js:164:568)
    at n.Class.derive._creator._run (file:///usr/share/code/resources/app/out/vs/workbench/workbench.main.js:165:902)
    at n.Class.derive._creator._chainedError (file:///usr/share/code/resources/app/out/vs/workbench/workbench.main.js:165:261)
    at n (file:///usr/share/code/resources/app/out/vs/workbench/workbench.main.js:163:40)
    at n.Class.define.cancel.then (file:///usr/share/code/resources/app/out/vs/workbench/workbench.main.js:166:736)
    at Object.enter (file:///usr/share/code/resources/app/out/vs/workbench/workbench.main.js:163:109)
    at n.Class.derive._creator._run (file:///usr/share/code/resources/app/out/vs/workbench/workbench.main.js:165:902)
    at n.Class.derive._creator._setCompleteValue (file:///usr/share/code/resources/app/out/vs/workbench/workbench.main.js:165:596)
    at Object.g [as _notify] (file:///usr/share/code/resources/app/out/vs/workbench/workbench.main.js:160:709)
    at Object.enter (file:///usr/share/code/resources/app/out/vs/workbench/workbench.main.js:164:61)
    at n.Class.derive._creator._run (file:///usr/share/code/resources/app/out/vs/workbench/workbench.main.js:165:902)
    at n.Class.derive._creator._completed (file:///usr/share/code/resources/app/out/vs/workbench/workbench.main.js:165:343)
    at Object.g [as _notify] (file:///usr/share/code/resources/app/out/vs/workbench/workbench.main.js:160:729)
    at Object.enter (file:///usr/share/code/resources/app/out/vs/workbench/workbench.main.js:164:61)
    at n.Class.derive._oncancel._run (file:///usr/share/code/resources/app/out/vs/workbench/workbench.main.js:165:902)
    at n.Class.derive._oncancel._completed (file:///usr/share/code/resources/app/out/vs/workbench/workbench.main.js:165:343)
    at file:///usr/share/code/resources/app/out/vs/workbench/workbench.main.js:3331:230
    at file:///usr/share/code/resources/app/out/vs/workbench/workbench.main.js:3332:118
    at file:///usr/share/code/resources/app/out/vs/workbench/workbench.main.js:284:813
    at Function.<anonymous> (file:///usr/share/code/resources/app/out/vs/workbench/workbench.main.js:3331:884)
    at file:///usr/share/code/resources/app/out/vs/workbench/workbench.main.js:284:420
    at s (file:///usr/share/code/resources/app/out/vs/workbench/workbench.main.js:283:969)
    at file:///usr/share/code/resources/app/out/vs/workbench/workbench.main.js:284:55
    at _combinedTickCallback (internal/process/next_tick.js:131:7)
    at process._tickCallback (internal/process/next_tick.js:180:9)
[2018-10-31 11:14:39.365] [renderer1] [error] cannot open file:///home/fylegroupdev/Documents/SAINT%20JEAN%20EUDES/Saint-Jean-Eudes-App/src/views/Espaces. Detail: File is directory: Error: cannot open file:///home/fylegroupdev/Documents/SAINT%20JEAN%20EUDES/Saint-Jean-Eudes-App/src/views/Espaces. Detail: File is directory
    at file:///usr/share/code/resources/app/out/vs/workbench/workbench.main.js:4319:753
    at Object.m [as _notify] (file:///usr/share/code/resources/app/out/vs/workbench/workbench.main.js:161:302)
    at Object.enter (file:///usr/share/code/resources/app/out/vs/workbench/workbench.main.js:164:568)
    at n.Class.derive._creator._run (file:///usr/share/code/resources/app/out/vs/workbench/workbench.main.js:165:902)
    at n.Class.derive._creator._chainedError (file:///usr/share/code/resources/app/out/vs/workbench/workbench.main.js:165:261)
    at n (file:///usr/share/code/resources/app/out/vs/workbench/workbench.main.js:163:40)
    at n.Class.define.cancel.then (file:///usr/share/code/resources/app/out/vs/workbench/workbench.main.js:166:736)
    at Object.enter (file:///usr/share/code/resources/app/out/vs/workbench/workbench.main.js:163:109)
    at n.Class.derive._creator._run (file:///usr/share/code/resources/app/out/vs/workbench/workbench.main.js:165:902)
    at n.Class.derive._creator._setCompleteValue (file:///usr/share/code/resources/app/out/vs/workbench/workbench.main.js:165:596)
    at Object.m [as _notify] (file:///usr/share/code/resources/app/out/vs/workbench/workbench.main.js:161:284)
    at Object.enter (file:///usr/share/code/resources/app/out/vs/workbench/workbench.main.js:164:568)
    at n.Class.derive._creator._run (file:///usr/share/code/resources/app/out/vs/workbench/workbench.main.js:165:902)
    at n.Class.derive._creator._chainedError (file:///usr/share/code/resources/app/out/vs/workbench/workbench.main.js:165:261)
    at n (file:///usr/share/code/resources/app/out/vs/workbench/workbench.main.js:163:40)
    at n.Class.define.cancel.then (file:///usr/share/code/resources/app/out/vs/workbench/workbench.main.js:166:736)
    at Object.enter (file:///usr/share/code/resources/app/out/vs/workbench/workbench.main.js:163:109)
    at n.Class.derive._creator._run (file:///usr/share/code/resources/app/out/vs/workbench/workbench.main.js:165:902)
    at n.Class.derive._creator._setCompleteValue (file:///usr/share/code/resources/app/out/vs/workbench/workbench.main.js:165:596)
    at Object.m [as _notify] (file:///usr/share/code/resources/app/out/vs/workbench/workbench.main.js:161:284)
    at Object.enter (file:///usr/share/code/resources/app/out/vs/workbench/workbench.main.js:164:568)
    at n.Class.derive._creator._run (file:///usr/share/code/resources/app/out/vs/workbench/workbench.main.js:165:902)
    at n.Class.derive._creator._chainedError (file:///usr/share/code/resources/app/out/vs/workbench/workbench.main.js:165:261)
    at n (file:///usr/share/code/resources/app/out/vs/workbench/workbench.main.js:163:40)
    at n.Class.define.cancel.then (file:///usr/share/code/resources/app/out/vs/workbench/workbench.main.js:166:736)
    at Object.enter (file:///usr/share/code/resources/app/out/vs/workbench/workbench.main.js:163:109)
    at n.Class.derive._creator._run (file:///usr/share/code/resources/app/out/vs/workbench/workbench.main.js:165:902)
    at n.Class.derive._creator._setCompleteValue (file:///usr/share/code/resources/app/out/vs/workbench/workbench.main.js:165:596)
    at Object.m [as _notify] (file:///usr/share/code/resources/app/out/vs/workbench/workbench.main.js:161:284)
    at Object.enter (file:///usr/share/code/resources/app/out/vs/workbench/workbench.main.js:164:568)
    at n.Class.derive._creator._run (file:///usr/share/code/resources/app/out/vs/workbench/workbench.main.js:165:902)
    at n.Class.derive._creator._chainedError (file:///usr/share/code/resources/app/out/vs/workbench/workbench.main.js:165:261)
    at n (file:///usr/share/code/resources/app/out/vs/workbench/workbench.main.js:163:40)
    at n.Class.define.cancel.then (file:///usr/share/code/resources/app/out/vs/workbench/workbench.main.js:166:736)
    at Object.enter (file:///usr/share/code/resources/app/out/vs/workbench/workbench.main.js:163:109)
    at n.Class.derive._creator._run (file:///usr/share/code/resources/app/out/vs/workbench/workbench.main.js:165:902)
    at n.Class.derive._creator._setCompleteValue (file:///usr/share/code/resources/app/out/vs/workbench/workbench.main.js:165:596)
    at Object.m [as _notify] (file:///usr/share/code/resources/app/out/vs/workbench/workbench.main.js:161:284)
    at Object.enter (file:///usr/share/code/resources/app/out/vs/workbench/workbench.main.js:164:568)
    at n.Class.derive._creator._run (file:///usr/share/code/resources/app/out/vs/workbench/workbench.main.js:165:902)
    at n.Class.derive._creator._chainedError (file:///usr/share/code/resources/app/out/vs/workbench/workbench.main.js:165:261)
    at n (file:///usr/share/code/resources/app/out/vs/workbench/workbench.main.js:163:40)
    at n.Class.define.cancel.then (file:///usr/share/code/resources/app/out/vs/workbench/workbench.main.js:166:736)
    at Object.enter (file:///usr/share/code/resources/app/out/vs/workbench/workbench.main.js:163:109)
    at n.Class.derive._creator._run (file:///usr/share/code/resources/app/out/vs/workbench/workbench.main.js:165:902)
    at n.Class.derive._creator._setCompleteValue (file:///usr/share/code/resources/app/out/vs/workbench/workbench.main.js:165:596)
    at Object.m [as _notify] (file:///usr/share/code/resources/app/out/vs/workbench/workbench.main.js:161:284)
    at Object.enter (file:///usr/share/code/resources/app/out/vs/workbench/workbench.main.js:164:568)
    at n.Class.derive._oncancel._run (file:///usr/share/code/resources/app/out/vs/workbench/workbench.main.js:165:902)
    at n.Class.derive._oncancel._error (file:///usr/share/code/resources/app/out/vs/workbench/workbench.main.js:165:419)
    at l (file:///usr/share/code/resources/app/out/vs/workbench/workbench.main.js:168:962)
    at file:///usr/share/code/resources/app/out/vs/workbench/workbench.main.js:169:70
    at Object.m [as _notify] (file:///usr/share/code/resources/app/out/vs/workbench/workbench.main.js:161:302)
    at Object.enter (file:///usr/share/code/resources/app/out/vs/workbench/workbench.main.js:164:568)
    at n.Class.derive._creator._run (file:///usr/share/code/resources/app/out/vs/workbench/workbench.main.js:165:902)
    at n.Class.derive._creator._chainedError (file:///usr/share/code/resources/app/out/vs/workbench/workbench.main.js:165:261)
    at n (file:///usr/share/code/resources/app/out/vs/workbench/workbench.main.js:163:40)
    at n.Class.define.cancel.then (file:///usr/share/code/resources/app/out/vs/workbench/workbench.main.js:166:736)
    at Object.enter (file:///usr/share/code/resources/app/out/vs/workbench/workbench.main.js:163:109)
    at n.Class.derive._creator._run (file:///usr/share/code/resources/app/out/vs/workbench/workbench.main.js:165:902)
    at n.Class.derive._creator._setCompleteValue (file:///usr/share/code/resources/app/out/vs/workbench/workbench.main.js:165:596)
    at Object.g [as _notify] (file:///usr/share/code/resources/app/out/vs/workbench/workbench.main.js:160:709)
    at Object.enter (file:///usr/share/code/resources/app/out/vs/workbench/workbench.main.js:164:61)
    at n.Class.derive._creator._run (file:///usr/share/code/resources/app/out/vs/workbench/workbench.main.js:165:902)
    at n.Class.derive._creator._completed (file:///usr/share/code/resources/app/out/vs/workbench/workbench.main.js:165:343)
    at Object.g [as _notify] (file:///usr/share/code/resources/app/out/vs/workbench/workbench.main.js:160:729)
    at Object.enter (file:///usr/share/code/resources/app/out/vs/workbench/workbench.main.js:164:61)
    at n.Class.derive._oncancel._run (file:///usr/share/code/resources/app/out/vs/workbench/workbench.main.js:165:902)
    at n.Class.derive._oncancel._completed (file:///usr/share/code/resources/app/out/vs/workbench/workbench.main.js:165:343)
    at file:///usr/share/code/resources/app/out/vs/workbench/workbench.main.js:3331:230
    at file:///usr/share/code/resources/app/out/vs/workbench/workbench.main.js:3332:118
    at file:///usr/share/code/resources/app/out/vs/workbench/workbench.main.js:284:813
    at Function.<anonymous> (file:///usr/share/code/resources/app/out/vs/workbench/workbench.main.js:3331:884)
    at file:///usr/share/code/resources/app/out/vs/workbench/workbench.main.js:284:420
    at s (file:///usr/share/code/resources/app/out/vs/workbench/workbench.main.js:283:969)
    at file:///usr/share/code/resources/app/out/vs/workbench/workbench.main.js:284:55
    at _combinedTickCallback (internal/process/next_tick.js:131:7)
    at process._tickCallback (internal/process/next_tick.js:180:9)
[2018-10-31 11:16:19.536] [renderer1] [error] cannot open file:///home/fylegroupdev/Documents/SAINT%20JEAN%20EUDES/Saint-Jean-Eudes-App/src/views/Employes. Detail: File is directory: Error: cannot open file:///home/fylegroupdev/Documents/SAINT%20JEAN%20EUDES/Saint-Jean-Eudes-App/src/views/Employes. Detail: File is directory
    at file:///usr/share/code/resources/app/out/vs/workbench/workbench.main.js:4319:753
    at Object.m [as _notify] (file:///usr/share/code/resources/app/out/vs/workbench/workbench.main.js:161:302)
    at Object.enter (file:///usr/share/code/resources/app/out/vs/workbench/workbench.main.js:164:568)
    at n.Class.derive._creator._run (file:///usr/share/code/resources/app/out/vs/workbench/workbench.main.js:165:902)
    at n.Class.derive._creator._chainedError (file:///usr/share/code/resources/app/out/vs/workbench/workbench.main.js:165:261)
    at n (file:///usr/share/code/resources/app/out/vs/workbench/workbench.main.js:163:40)
    at n.Class.define.cancel.then (file:///usr/share/code/resources/app/out/vs/workbench/workbench.main.js:166:736)
    at Object.enter (file:///usr/share/code/resources/app/out/vs/workbench/workbench.main.js:163:109)
    at n.Class.derive._creator._run (file:///usr/share/code/resources/app/out/vs/workbench/workbench.main.js:165:902)
    at n.Class.derive._creator._setCompleteValue (file:///usr/share/code/resources/app/out/vs/workbench/workbench.main.js:165:596)
    at Object.m [as _notify] (file:///usr/share/code/resources/app/out/vs/workbench/workbench.main.js:161:284)
    at Object.enter (file:///usr/share/code/resources/app/out/vs/workbench/workbench.main.js:164:568)
    at n.Class.derive._creator._run (file:///usr/share/code/resources/app/out/vs/workbench/workbench.main.js:165:902)
    at n.Class.derive._creator._chainedError (file:///usr/share/code/resources/app/out/vs/workbench/workbench.main.js:165:261)
    at n (file:///usr/share/code/resources/app/out/vs/workbench/workbench.main.js:163:40)
    at n.Class.define.cancel.then (file:///usr/share/code/resources/app/out/vs/workbench/workbench.main.js:166:736)
    at Object.enter (file:///usr/share/code/resources/app/out/vs/workbench/workbench.main.js:163:109)
    at n.Class.derive._creator._run (file:///usr/share/code/resources/app/out/vs/workbench/workbench.main.js:165:902)
    at n.Class.derive._creator._setCompleteValue (file:///usr/share/code/resources/app/out/vs/workbench/workbench.main.js:165:596)
    at Object.m [as _notify] (file:///usr/share/code/resources/app/out/vs/workbench/workbench.main.js:161:284)
    at Object.enter (file:///usr/share/code/resources/app/out/vs/workbench/workbench.main.js:164:568)
    at n.Class.derive._creator._run (file:///usr/share/code/resources/app/out/vs/workbench/workbench.main.js:165:902)
    at n.Class.derive._creator._chainedError (file:///usr/share/code/resources/app/out/vs/workbench/workbench.main.js:165:261)
    at n (file:///usr/share/code/resources/app/out/vs/workbench/workbench.main.js:163:40)
    at n.Class.define.cancel.then (file:///usr/share/code/resources/app/out/vs/workbench/workbench.main.js:166:736)
    at Object.enter (file:///usr/share/code/resources/app/out/vs/workbench/workbench.main.js:163:109)
    at n.Class.derive._creator._run (file:///usr/share/code/resources/app/out/vs/workbench/workbench.main.js:165:902)
    at n.Class.derive._creator._setCompleteValue (file:///usr/share/code/resources/app/out/vs/workbench/workbench.main.js:165:596)
    at Object.m [as _notify] (file:///usr/share/code/resources/app/out/vs/workbench/workbench.main.js:161:284)
    at Object.enter (file:///usr/share/code/resources/app/out/vs/workbench/workbench.main.js:164:568)
    at n.Class.derive._creator._run (file:///usr/share/code/resources/app/out/vs/workbench/workbench.main.js:165:902)
    at n.Class.derive._creator._chainedError (file:///usr/share/code/resources/app/out/vs/workbench/workbench.main.js:165:261)
    at n (file:///usr/share/code/resources/app/out/vs/workbench/workbench.main.js:163:40)
    at n.Class.define.cancel.then (file:///usr/share/code/resources/app/out/vs/workbench/workbench.main.js:166:736)
    at Object.enter (file:///usr/share/code/resources/app/out/vs/workbench/workbench.main.js:163:109)
    at n.Class.derive._creator._run (file:///usr/share/code/resources/app/out/vs/workbench/workbench.main.js:165:902)
    at n.Class.derive._creator._setCompleteValue (file:///usr/share/code/resources/app/out/vs/workbench/workbench.main.js:165:596)
    at Object.m [as _notify] (file:///usr/share/code/resources/app/out/vs/workbench/workbench.main.js:161:284)
    at Object.enter (file:///usr/share/code/resources/app/out/vs/workbench/workbench.main.js:164:568)
    at n.Class.derive._creator._run (file:///usr/share/code/resources/app/out/vs/workbench/workbench.main.js:165:902)
    at n.Class.derive._creator._chainedError (file:///usr/share/code/resources/app/out/vs/workbench/workbench.main.js:165:261)
    at n (file:///usr/share/code/resources/app/out/vs/workbench/workbench.main.js:163:40)
    at n.Class.define.cancel.then (file:///usr/share/code/resources/app/out/vs/workbench/workbench.main.js:166:736)
    at Object.enter (file:///usr/share/code/resources/app/out/vs/workbench/workbench.main.js:163:109)
    at n.Class.derive._creator._run (file:///usr/share/code/resources/app/out/vs/workbench/workbench.main.js:165:902)
    at n.Class.derive._creator._setCompleteValue (file:///usr/share/code/resources/app/out/vs/workbench/workbench.main.js:165:596)
    at Object.m [as _notify] (file:///usr/share/code/resources/app/out/vs/workbench/workbench.main.js:161:284)
    at Object.enter (file:///usr/share/code/resources/app/out/vs/workbench/workbench.main.js:164:568)
    at n.Class.derive._oncancel._run (file:///usr/share/code/resources/app/out/vs/workbench/workbench.main.js:165:902)
    at n.Class.derive._oncancel._error (file:///usr/share/code/resources/app/out/vs/workbench/workbench.main.js:165:419)
    at l (file:///usr/share/code/resources/app/out/vs/workbench/workbench.main.js:168:962)
    at file:///usr/share/code/resources/app/out/vs/workbench/workbench.main.js:169:70
    at Object.m [as _notify] (file:///usr/share/code/resources/app/out/vs/workbench/workbench.main.js:161:302)
    at Object.enter (file:///usr/share/code/resources/app/out/vs/workbench/workbench.main.js:164:568)
    at n.Class.derive._creator._run (file:///usr/share/code/resources/app/out/vs/workbench/workbench.main.js:165:902)
    at n.Class.derive._creator._chainedError (file:///usr/share/code/resources/app/out/vs/workbench/workbench.main.js:165:261)
    at n (file:///usr/share/code/resources/app/out/vs/workbench/workbench.main.js:163:40)
    at n.Class.define.cancel.then (file:///usr/share/code/resources/app/out/vs/workbench/workbench.main.js:166:736)
    at Object.enter (file:///usr/share/code/resources/app/out/vs/workbench/workbench.main.js:163:109)
    at n.Class.derive._creator._run (file:///usr/share/code/resources/app/out/vs/workbench/workbench.main.js:165:902)
    at n.Class.derive._creator._setCompleteValue (file:///usr/share/code/resources/app/out/vs/workbench/workbench.main.js:165:596)
    at Object.g [as _notify] (file:///usr/share/code/resources/app/out/vs/workbench/workbench.main.js:160:709)
    at Object.enter (file:///usr/share/code/resources/app/out/vs/workbench/workbench.main.js:164:61)
    at n.Class.derive._creator._run (file:///usr/share/code/resources/app/out/vs/workbench/workbench.main.js:165:902)
    at n.Class.derive._creator._completed (file:///usr/share/code/resources/app/out/vs/workbench/workbench.main.js:165:343)
    at Object.g [as _notify] (file:///usr/share/code/resources/app/out/vs/workbench/workbench.main.js:160:729)
    at Object.enter (file:///usr/share/code/resources/app/out/vs/workbench/workbench.main.js:164:61)
    at n.Class.derive._oncancel._run (file:///usr/share/code/resources/app/out/vs/workbench/workbench.main.js:165:902)
    at n.Class.derive._oncancel._completed (file:///usr/share/code/resources/app/out/vs/workbench/workbench.main.js:165:343)
    at file:///usr/share/code/resources/app/out/vs/workbench/workbench.main.js:3331:230
    at file:///usr/share/code/resources/app/out/vs/workbench/workbench.main.js:3332:118
    at file:///usr/share/code/resources/app/out/vs/workbench/workbench.main.js:284:813
    at Function.<anonymous> (file:///usr/share/code/resources/app/out/vs/workbench/workbench.main.js:3331:884)
    at file:///usr/share/code/resources/app/out/vs/workbench/workbench.main.js:284:420
    at s (file:///usr/share/code/resources/app/out/vs/workbench/workbench.main.js:283:969)
    at file:///usr/share/code/resources/app/out/vs/workbench/workbench.main.js:284:55
    at _combinedTickCallback (internal/process/next_tick.js:131:7)
    at process._tickCallback (internal/process/next_tick.js:180:9)
[2018-10-31 11:25:08.886] [renderer1] [error] cannot open file:///home/fylegroupdev/Documents/SAINT%20JEAN%20EUDES/Saint-Jean-Eudes-App/src/views/Parametres. Detail: File is directory: Error: cannot open file:///home/fylegroupdev/Documents/SAINT%20JEAN%20EUDES/Saint-Jean-Eudes-App/src/views/Parametres. Detail: File is directory
    at file:///usr/share/code/resources/app/out/vs/workbench/workbench.main.js:4319:753
    at Object.m [as _notify] (file:///usr/share/code/resources/app/out/vs/workbench/workbench.main.js:161:302)
    at Object.enter (file:///usr/share/code/resources/app/out/vs/workbench/workbench.main.js:164:568)
    at n.Class.derive._creator._run (file:///usr/share/code/resources/app/out/vs/workbench/workbench.main.js:165:902)
    at n.Class.derive._creator._chainedError (file:///usr/share/code/resources/app/out/vs/workbench/workbench.main.js:165:261)
    at n (file:///usr/share/code/resources/app/out/vs/workbench/workbench.main.js:163:40)
    at n.Class.define.cancel.then (file:///usr/share/code/resources/app/out/vs/workbench/workbench.main.js:166:736)
    at Object.enter (file:///usr/share/code/resources/app/out/vs/workbench/workbench.main.js:163:109)
    at n.Class.derive._creator._run (file:///usr/share/code/resources/app/out/vs/workbench/workbench.main.js:165:902)
    at n.Class.derive._creator._setCompleteValue (file:///usr/share/code/resources/app/out/vs/workbench/workbench.main.js:165:596)
    at Object.m [as _notify] (file:///usr/share/code/resources/app/out/vs/workbench/workbench.main.js:161:284)
    at Object.enter (file:///usr/share/code/resources/app/out/vs/workbench/workbench.main.js:164:568)
    at n.Class.derive._creator._run (file:///usr/share/code/resources/app/out/vs/workbench/workbench.main.js:165:902)
    at n.Class.derive._creator._chainedError (file:///usr/share/code/resources/app/out/vs/workbench/workbench.main.js:165:261)
    at n (file:///usr/share/code/resources/app/out/vs/workbench/workbench.main.js:163:40)
    at n.Class.define.cancel.then (file:///usr/share/code/resources/app/out/vs/workbench/workbench.main.js:166:736)
    at Object.enter (file:///usr/share/code/resources/app/out/vs/workbench/workbench.main.js:163:109)
    at n.Class.derive._creator._run (file:///usr/share/code/resources/app/out/vs/workbench/workbench.main.js:165:902)
    at n.Class.derive._creator._setCompleteValue (file:///usr/share/code/resources/app/out/vs/workbench/workbench.main.js:165:596)
    at Object.m [as _notify] (file:///usr/share/code/resources/app/out/vs/workbench/workbench.main.js:161:284)
    at Object.enter (file:///usr/share/code/resources/app/out/vs/workbench/workbench.main.js:164:568)
    at n.Class.derive._creator._run (file:///usr/share/code/resources/app/out/vs/workbench/workbench.main.js:165:902)
    at n.Class.derive._creator._chainedError (file:///usr/share/code/resources/app/out/vs/workbench/workbench.main.js:165:261)
    at n (file:///usr/share/code/resources/app/out/vs/workbench/workbench.main.js:163:40)
    at n.Class.define.cancel.then (file:///usr/share/code/resources/app/out/vs/workbench/workbench.main.js:166:736)
    at Object.enter (file:///usr/share/code/resources/app/out/vs/workbench/workbench.main.js:163:109)
    at n.Class.derive._creator._run (file:///usr/share/code/resources/app/out/vs/workbench/workbench.main.js:165:902)
    at n.Class.derive._creator._setCompleteValue (file:///usr/share/code/resources/app/out/vs/workbench/workbench.main.js:165:596)
    at Object.m [as _notify] (file:///usr/share/code/resources/app/out/vs/workbench/workbench.main.js:161:284)
    at Object.enter (file:///usr/share/code/resources/app/out/vs/workbench/workbench.main.js:164:568)
    at n.Class.derive._creator._run (file:///usr/share/code/resources/app/out/vs/workbench/workbench.main.js:165:902)
    at n.Class.derive._creator._chainedError (file:///usr/share/code/resources/app/out/vs/workbench/workbench.main.js:165:261)
    at n (file:///usr/share/code/resources/app/out/vs/workbench/workbench.main.js:163:40)
    at n.Class.define.cancel.then (file:///usr/share/code/resources/app/out/vs/workbench/workbench.main.js:166:736)
    at Object.enter (file:///usr/share/code/resources/app/out/vs/workbench/workbench.main.js:163:109)
    at n.Class.derive._creator._run (file:///usr/share/code/resources/app/out/vs/workbench/workbench.main.js:165:902)
    at n.Class.derive._creator._setCompleteValue (file:///usr/share/code/resources/app/out/vs/workbench/workbench.main.js:165:596)
    at Object.m [as _notify] (file:///usr/share/code/resources/app/out/vs/workbench/workbench.main.js:161:284)
    at Object.enter (file:///usr/share/code/resources/app/out/vs/workbench/workbench.main.js:164:568)
    at n.Class.derive._creator._run (file:///usr/share/code/resources/app/out/vs/workbench/workbench.main.js:165:902)
    at n.Class.derive._creator._chainedError (file:///usr/share/code/resources/app/out/vs/workbench/workbench.main.js:165:261)
    at n (file:///usr/share/code/resources/app/out/vs/workbench/workbench.main.js:163:40)
    at n.Class.define.cancel.then (file:///usr/share/code/resources/app/out/vs/workbench/workbench.main.js:166:736)
    at Object.enter (file:///usr/share/code/resources/app/out/vs/workbench/workbench.main.js:163:109)
    at n.Class.derive._creator._run (file:///usr/share/code/resources/app/out/vs/workbench/workbench.main.js:165:902)
    at n.Class.derive._creator._setCompleteValue (file:///usr/share/code/resources/app/out/vs/workbench/workbench.main.js:165:596)
    at Object.m [as _notify] (file:///usr/share/code/resources/app/out/vs/workbench/workbench.main.js:161:284)
    at Object.enter (file:///usr/share/code/resources/app/out/vs/workbench/workbench.main.js:164:568)
    at n.Class.derive._oncancel._run (file:///usr/share/code/resources/app/out/vs/workbench/workbench.main.js:165:902)
    at n.Class.derive._oncancel._error (file:///usr/share/code/resources/app/out/vs/workbench/workbench.main.js:165:419)
    at l (file:///usr/share/code/resources/app/out/vs/workbench/workbench.main.js:168:962)
    at file:///usr/share/code/resources/app/out/vs/workbench/workbench.main.js:169:70
    at Object.m [as _notify] (file:///usr/share/code/resources/app/out/vs/workbench/workbench.main.js:161:302)
    at Object.enter (file:///usr/share/code/resources/app/out/vs/workbench/workbench.main.js:164:568)
    at n.Class.derive._creator._run (file:///usr/share/code/resources/app/out/vs/workbench/workbench.main.js:165:902)
    at n.Class.derive._creator._chainedError (file:///usr/share/code/resources/app/out/vs/workbench/workbench.main.js:165:261)
    at n (file:///usr/share/code/resources/app/out/vs/workbench/workbench.main.js:163:40)
    at n.Class.define.cancel.then (file:///usr/share/code/resources/app/out/vs/workbench/workbench.main.js:166:736)
    at Object.enter (file:///usr/share/code/resources/app/out/vs/workbench/workbench.main.js:163:109)
    at n.Class.derive._creator._run (file:///usr/share/code/resources/app/out/vs/workbench/workbench.main.js:165:902)
    at n.Class.derive._creator._setCompleteValue (file:///usr/share/code/resources/app/out/vs/workbench/workbench.main.js:165:596)
    at Object.g [as _notify] (file:///usr/share/code/resources/app/out/vs/workbench/workbench.main.js:160:709)
    at Object.enter (file:///usr/share/code/resources/app/out/vs/workbench/workbench.main.js:164:61)
    at n.Class.derive._creator._run (file:///usr/share/code/resources/app/out/vs/workbench/workbench.main.js:165:902)
    at n.Class.derive._creator._completed (file:///usr/share/code/resources/app/out/vs/workbench/workbench.main.js:165:343)
    at Object.g [as _notify] (file:///usr/share/code/resources/app/out/vs/workbench/workbench.main.js:160:729)
    at Object.enter (file:///usr/share/code/resources/app/out/vs/workbench/workbench.main.js:164:61)
    at n.Class.derive._oncancel._run (file:///usr/share/code/resources/app/out/vs/workbench/workbench.main.js:165:902)
    at n.Class.derive._oncancel._completed (file:///usr/share/code/resources/app/out/vs/workbench/workbench.main.js:165:343)
    at file:///usr/share/code/resources/app/out/vs/workbench/workbench.main.js:3331:230
    at file:///usr/share/code/resources/app/out/vs/workbench/workbench.main.js:3332:118
    at file:///usr/share/code/resources/app/out/vs/workbench/workbench.main.js:284:813
    at Function.<anonymous> (file:///usr/share/code/resources/app/out/vs/workbench/workbench.main.js:3331:884)
    at file:///usr/share/code/resources/app/out/vs/workbench/workbench.main.js:284:420
    at s (file:///usr/share/code/resources/app/out/vs/workbench/workbench.main.js:283:969)
    at file:///usr/share/code/resources/app/out/vs/workbench/workbench.main.js:284:55
    at _combinedTickCallback (internal/process/next_tick.js:131:7)
    at process._tickCallback (internal/process/next_tick.js:180:9)
