[2018-10-31 08:02:08.367] [sharedprocess] [info] main {"machineId":"01c19214f88cf2cfe3758753ec61ef8708655d1adcba200ce0a5fefc2a7073df"}
[2018-10-31 08:02:08.408] [sharedprocess] [info] Scanned user extensions: 5
[2018-10-31 08:02:08.468] [sharedprocess] [info] Scanned user extensions: 5
[2018-10-31 08:02:08.470] [sharedprocess] [info] Scanned user extensions: 5
[2018-10-31 08:02:08.473] [sharedprocess] [info] Scanned user extensions: 5
[2018-10-31 08:02:08.599] [sharedprocess] [info] Scanned user extensions: 5
[2018-10-31 08:02:08.602] [sharedprocess] [info] Deleted from disk robertohuertasm.vscode-icons-7.27.0
[2018-10-31 08:02:08.613] [sharedprocess] [info] Scanned system extensions: 71
[2018-10-31 08:02:08.618] [sharedprocess] [info] Scanned system extensions: 71
[2018-10-31 08:02:08.622] [sharedprocess] [info] Scanned system extensions: 71
[2018-10-31 08:02:14.890] [sharedprocess] [info] Scanned user extensions: 5
[2018-10-31 08:02:14.892] [sharedprocess] [info] Scanned user extensions: 5
[2018-10-31 08:02:14.897] [sharedprocess] [info] Scanned user extensions: 5
[2018-10-31 08:02:14.975] [sharedprocess] [info] Scanned system extensions: 71
[2018-10-31 08:02:14.979] [sharedprocess] [info] Scanned system extensions: 71
[2018-10-31 08:02:15.084] [sharedprocess] [info] Scanned user extensions: 5
[2018-10-31 08:02:48.371] [sharedprocess] [info] Starting to clean up unused language packs.
[2018-10-31 08:07:15.116] [sharedprocess] [info] Scanned user extensions: 5
[2018-10-31 08:12:15.137] [sharedprocess] [info] Scanned user extensions: 5
[2018-10-31 08:17:15.165] [sharedprocess] [info] Scanned user extensions: 5
[2018-10-31 08:22:15.191] [sharedprocess] [info] Scanned user extensions: 5
[2018-10-31 08:27:15.213] [sharedprocess] [info] Scanned user extensions: 5
[2018-10-31 08:32:15.240] [sharedprocess] [info] Scanned user extensions: 5
[2018-10-31 08:37:15.259] [sharedprocess] [info] Scanned user extensions: 5
[2018-10-31 08:42:15.282] [sharedprocess] [info] Scanned user extensions: 5
[2018-10-31 08:47:15.309] [sharedprocess] [info] Scanned user extensions: 5
[2018-10-31 08:52:15.331] [sharedprocess] [info] Scanned user extensions: 5
[2018-10-31 08:57:15.353] [sharedprocess] [info] Scanned user extensions: 5
[2018-10-31 09:02:15.791] [sharedprocess] [info] Scanned user extensions: 5
[2018-10-31 09:07:15.817] [sharedprocess] [info] Scanned user extensions: 5
[2018-10-31 09:09:58.989] [sharedprocess] [info] Scanned user extensions: 5
[2018-10-31 09:09:59.029] [sharedprocess] [info] Scanned system extensions: 71
[2018-10-31 09:12:15.843] [sharedprocess] [info] Scanned user extensions: 5
[2018-10-31 09:17:15.865] [sharedprocess] [info] Scanned user extensions: 5
[2018-10-31 09:22:15.890] [sharedprocess] [info] Scanned user extensions: 5
[2018-10-31 09:27:15.915] [sharedprocess] [info] Scanned user extensions: 5
[2018-10-31 09:32:15.933] [sharedprocess] [info] Scanned user extensions: 5
